[2019-09-17 02:18:41] development.ERROR: Twig\Error\SyntaxError: Unknown "script" tag. Did you mean "scripts" in "/Users/kekaiwang/Sites/jc_october/themes/demo/pages/ticker.htm" at line 7? in /Users/kekaiwang/Sites/jc_october/vendor/twig/twig/src/Parser.php:175
Stack trace:
#0 /Users/kekaiwang/Sites/jc_october/vendor/twig/twig/src/Parser.php(98): Twig\Parser->subparse(NULL, false)
#1 /Users/kekaiwang/Sites/jc_october/vendor/twig/twig/src/Environment.php(563): Twig\Parser->parse(Object(Twig\TokenStream))
#2 /Users/kekaiwang/Sites/jc_october/vendor/twig/twig/src/Environment.php(595): Twig\Environment->parse(Object(Twig\TokenStream))
#3 /Users/kekaiwang/Sites/jc_october/vendor/twig/twig/src/Environment.php(408): Twig\Environment->compileSource(Object(Twig\Source))
#4 /Users/kekaiwang/Sites/jc_october/vendor/twig/twig/src/Environment.php(381): Twig\Environment->loadClass('__TwigTemplate_...', '/Users/kekaiwan...', NULL)
#5 /Users/kekaiwang/Sites/jc_october/modules/cms/Classes/Controller.php(423): Twig\Environment->loadTemplate('/Users/kekaiwan...')
#6 /Users/kekaiwang/Sites/jc_october/modules/cms/Classes/Controller.php(224): Cms\Classes\Controller->runPage(Object(Cms\Classes\Page))
#7 /Users/kekaiwang/Sites/jc_october/modules/cms/Classes/CmsController.php(50): Cms\Classes\Controller->run('ticker')
#8 [internal function]: Cms\Classes\CmsController->run('ticker')
#9 /Users/kekaiwang/Sites/jc_october/vendor/laravel/framework/src/Illuminate/Routing/Controller.php(54): call_user_func_array(Array, Array)
#10 /Users/kekaiwang/Sites/jc_october/vendor/laravel/framework/src/Illuminate/Routing/ControllerDispatcher.php(45): Illuminate\Routing\Controller->callAction('run', Array)
#11 /Users/kekaiwang/Sites/jc_october/vendor/laravel/framework/src/Illuminate/Routing/Route.php(212): Illuminate\Routing\ControllerDispatcher->dispatch(Object(Illuminate\Routing\Route), Object(Cms\Classes\CmsController), 'run')
#12 /Users/kekaiwang/Sites/jc_october/vendor/laravel/framework/src/Illuminate/Routing/Route.php(169): Illuminate\Routing\Route->runController()
#13 /Users/kekaiwang/Sites/jc_october/vendor/laravel/framework/src/Illuminate/Routing/Router.php(658): Illuminate\Routing\Route->run()
#14 /Users/kekaiwang/Sites/jc_october/vendor/laravel/framework/src/Illuminate/Routing/Pipeline.php(30): Illuminate\Routing\Router->Illuminate\Routing\{closure}(Object(Illuminate\Http\Request))
#15 /Users/kekaiwang/Sites/jc_october/vendor/laravel/framework/src/Illuminate/Routing/Middleware/SubstituteBindings.php(41): Illuminate\Routing\Pipeline->Illuminate\Routing\{closure}(Object(Illuminate\Http\Request))
#16 /Users/kekaiwang/Sites/jc_october/vendor/laravel/framework/src/Illuminate/Pipeline/Pipeline.php(149): Illuminate\Routing\Middleware\SubstituteBindings->handle(Object(Illuminate\Http\Request), Object(Closure))
#17 /Users/kekaiwang/Sites/jc_october/vendor/laravel/framework/src/Illuminate/Routing/Pipeline.php(53): Illuminate\Pipeline\Pipeline->Illuminate\Pipeline\{closure}(Object(Illuminate\Http\Request))
#18 /Users/kekaiwang/Sites/jc_october/vendor/laravel/framework/src/Illuminate/View/Middleware/ShareErrorsFromSession.php(49): Illuminate\Routing\Pipeline->Illuminate\Routing\{closure}(Object(Illuminate\Http\Request))
#19 /Users/kekaiwang/Sites/jc_october/vendor/laravel/framework/src/Illuminate/Pipeline/Pipeline.php(149): Illuminate\View\Middleware\ShareErrorsFromSession->handle(Object(Illuminate\Http\Request), Object(Closure))
#20 /Users/kekaiwang/Sites/jc_october/vendor/laravel/framework/src/Illuminate/Routing/Pipeline.php(53): Illuminate\Pipeline\Pipeline->Illuminate\Pipeline\{closure}(Object(Illuminate\Http\Request))
#21 /Users/kekaiwang/Sites/jc_october/vendor/laravel/framework/src/Illuminate/Session/Middleware/StartSession.php(63): Illuminate\Routing\Pipeline->Illuminate\Routing\{closure}(Object(Illuminate\Http\Request))
#22 /Users/kekaiwang/Sites/jc_october/vendor/laravel/framework/src/Illuminate/Pipeline/Pipeline.php(149): Illuminate\Session\Middleware\StartSession->handle(Object(Illuminate\Http\Request), Object(Closure))
#23 /Users/kekaiwang/Sites/jc_october/vendor/laravel/framework/src/Illuminate/Routing/Pipeline.php(53): Illuminate\Pipeline\Pipeline->Illuminate\Pipeline\{closure}(Object(Illuminate\Http\Request))
#24 /Users/kekaiwang/Sites/jc_october/vendor/laravel/framework/src/Illuminate/Cookie/Middleware/AddQueuedCookiesToResponse.php(37): Illuminate\Routing\Pipeline->Illuminate\Routing\{closure}(Object(Illuminate\Http\Request))
#25 /Users/kekaiwang/Sites/jc_october/vendor/laravel/framework/src/Illuminate/Pipeline/Pipeline.php(149): Illuminate\Cookie\Middleware\AddQueuedCookiesToResponse->handle(Object(Illuminate\Http\Request), Object(Closure))
#26 /Users/kekaiwang/Sites/jc_october/vendor/laravel/framework/src/Illuminate/Routing/Pipeline.php(53): Illuminate\Pipeline\Pipeline->Illuminate\Pipeline\{closure}(Object(Illuminate\Http\Request))
#27 /Users/kekaiwang/Sites/jc_october/vendor/laravel/framework/src/Illuminate/Cookie/Middleware/EncryptCookies.php(66): Illuminate\Routing\Pipeline->Illuminate\Routing\{closure}(Object(Illuminate\Http\Request))
#28 /Users/kekaiwang/Sites/jc_october/vendor/laravel/framework/src/Illuminate/Pipeline/Pipeline.php(149): Illuminate\Cookie\Middleware\EncryptCookies->handle(Object(Illuminate\Http\Request), Object(Closure))
#29 /Users/kekaiwang/Sites/jc_october/vendor/laravel/framework/src/Illuminate/Routing/Pipeline.php(53): Illuminate\Pipeline\Pipeline->Illuminate\Pipeline\{closure}(Object(Illuminate\Http\Request))
#30 /Users/kekaiwang/Sites/jc_october/vendor/laravel/framework/src/Illuminate/Pipeline/Pipeline.php(102): Illuminate\Routing\Pipeline->Illuminate\Routing\{closure}(Object(Illuminate\Http\Request))
#31 /Users/kekaiwang/Sites/jc_october/vendor/laravel/framework/src/Illuminate/Routing/Router.php(660): Illuminate\Pipeline\Pipeline->then(Object(Closure))
#32 /Users/kekaiwang/Sites/jc_october/vendor/laravel/framework/src/Illuminate/Routing/Router.php(635): Illuminate\Routing\Router->runRouteWithinStack(Object(Illuminate\Routing\Route), Object(Illuminate\Http\Request))
#33 /Users/kekaiwang/Sites/jc_october/vendor/laravel/framework/src/Illuminate/Routing/Router.php(601): Illuminate\Routing\Router->runRoute(Object(Illuminate\Http\Request), Object(Illuminate\Routing\Route))
#34 /Users/kekaiwang/Sites/jc_october/vendor/october/rain/src/Router/CoreRouter.php(20): Illuminate\Routing\Router->dispatchToRoute(Object(Illuminate\Http\Request))
#35 /Users/kekaiwang/Sites/jc_october/vendor/laravel/framework/src/Illuminate/Foundation/Http/Kernel.php(176): October\Rain\Router\CoreRouter->dispatch(Object(Illuminate\Http\Request))
#36 /Users/kekaiwang/Sites/jc_october/vendor/laravel/framework/src/Illuminate/Routing/Pipeline.php(30): Illuminate\Foundation\Http\Kernel->Illuminate\Foundation\Http\{closure}(Object(Illuminate\Http\Request))
#37 /Users/kekaiwang/Sites/jc_october/vendor/laravel/framework/src/Illuminate/Foundation/Http/Middleware/CheckForMaintenanceMode.php(46): Illuminate\Routing\Pipeline->Illuminate\Routing\{closure}(Object(Illuminate\Http\Request))
#38 /Users/kekaiwang/Sites/jc_october/vendor/october/rain/src/Foundation/Http/Middleware/CheckForMaintenanceMode.php(24): Illuminate\Foundation\Http\Middleware\CheckForMaintenanceMode->handle(Object(Illuminate\Http\Request), Object(Closure))
#39 /Users/kekaiwang/Sites/jc_october/vendor/laravel/framework/src/Illuminate/Pipeline/Pipeline.php(149): October\Rain\Foundation\Http\Middleware\CheckForMaintenanceMode->handle(Object(Illuminate\Http\Request), Object(Closure))
#40 /Users/kekaiwang/Sites/jc_october/vendor/laravel/framework/src/Illuminate/Routing/Pipeline.php(53): Illuminate\Pipeline\Pipeline->Illuminate\Pipeline\{closure}(Object(Illuminate\Http\Request))
#41 /Users/kekaiwang/Sites/jc_october/vendor/laravel/framework/src/Illuminate/Pipeline/Pipeline.php(102): Illuminate\Routing\Pipeline->Illuminate\Routing\{closure}(Object(Illuminate\Http\Request))
#42 /Users/kekaiwang/Sites/jc_october/vendor/laravel/framework/src/Illuminate/Foundation/Http/Kernel.php(151): Illuminate\Pipeline\Pipeline->then(Object(Closure))
#43 /Users/kekaiwang/Sites/jc_october/vendor/laravel/framework/src/Illuminate/Foundation/Http/Kernel.php(116): Illuminate\Foundation\Http\Kernel->sendRequestThroughRouter(Object(Illuminate\Http\Request))
#44 /Users/kekaiwang/Sites/jc_october/index.php(43): Illuminate\Foundation\Http\Kernel->handle(Object(Illuminate\Http\Request))
#45 {main}  
[2019-09-17 02:19:04] development.ERROR: Twig\Error\SyntaxError: Unknown "script" tag. Did you mean "scripts" in "/Users/kekaiwang/Sites/jc_october/themes/demo/pages/ticker.htm" at line 7? in /Users/kekaiwang/Sites/jc_october/vendor/twig/twig/src/Parser.php:175
Stack trace:
#0 /Users/kekaiwang/Sites/jc_october/vendor/twig/twig/src/Parser.php(98): Twig\Parser->subparse(NULL, false)
#1 /Users/kekaiwang/Sites/jc_october/vendor/twig/twig/src/Environment.php(563): Twig\Parser->parse(Object(Twig\TokenStream))
#2 /Users/kekaiwang/Sites/jc_october/vendor/twig/twig/src/Environment.php(595): Twig\Environment->parse(Object(Twig\TokenStream))
#3 /Users/kekaiwang/Sites/jc_october/vendor/twig/twig/src/Environment.php(408): Twig\Environment->compileSource(Object(Twig\Source))
#4 /Users/kekaiwang/Sites/jc_october/vendor/twig/twig/src/Environment.php(381): Twig\Environment->loadClass('__TwigTemplate_...', '/Users/kekaiwan...', NULL)
#5 /Users/kekaiwang/Sites/jc_october/modules/cms/Classes/Controller.php(423): Twig\Environment->loadTemplate('/Users/kekaiwan...')
#6 /Users/kekaiwang/Sites/jc_october/modules/cms/Classes/Controller.php(224): Cms\Classes\Controller->runPage(Object(Cms\Classes\Page))
#7 /Users/kekaiwang/Sites/jc_october/modules/cms/Classes/CmsController.php(50): Cms\Classes\Controller->run('ticker')
#8 [internal function]: Cms\Classes\CmsController->run('ticker')
#9 /Users/kekaiwang/Sites/jc_october/vendor/laravel/framework/src/Illuminate/Routing/Controller.php(54): call_user_func_array(Array, Array)
#10 /Users/kekaiwang/Sites/jc_october/vendor/laravel/framework/src/Illuminate/Routing/ControllerDispatcher.php(45): Illuminate\Routing\Controller->callAction('run', Array)
#11 /Users/kekaiwang/Sites/jc_october/vendor/laravel/framework/src/Illuminate/Routing/Route.php(212): Illuminate\Routing\ControllerDispatcher->dispatch(Object(Illuminate\Routing\Route), Object(Cms\Classes\CmsController), 'run')
#12 /Users/kekaiwang/Sites/jc_october/vendor/laravel/framework/src/Illuminate/Routing/Route.php(169): Illuminate\Routing\Route->runController()
#13 /Users/kekaiwang/Sites/jc_october/vendor/laravel/framework/src/Illuminate/Routing/Router.php(658): Illuminate\Routing\Route->run()
#14 /Users/kekaiwang/Sites/jc_october/vendor/laravel/framework/src/Illuminate/Routing/Pipeline.php(30): Illuminate\Routing\Router->Illuminate\Routing\{closure}(Object(Illuminate\Http\Request))
#15 /Users/kekaiwang/Sites/jc_october/vendor/laravel/framework/src/Illuminate/Routing/Middleware/SubstituteBindings.php(41): Illuminate\Routing\Pipeline->Illuminate\Routing\{closure}(Object(Illuminate\Http\Request))
#16 /Users/kekaiwang/Sites/jc_october/vendor/laravel/framework/src/Illuminate/Pipeline/Pipeline.php(149): Illuminate\Routing\Middleware\SubstituteBindings->handle(Object(Illuminate\Http\Request), Object(Closure))
#17 /Users/kekaiwang/Sites/jc_october/vendor/laravel/framework/src/Illuminate/Routing/Pipeline.php(53): Illuminate\Pipeline\Pipeline->Illuminate\Pipeline\{closure}(Object(Illuminate\Http\Request))
#18 /Users/kekaiwang/Sites/jc_october/vendor/laravel/framework/src/Illuminate/View/Middleware/ShareErrorsFromSession.php(49): Illuminate\Routing\Pipeline->Illuminate\Routing\{closure}(Object(Illuminate\Http\Request))
#19 /Users/kekaiwang/Sites/jc_october/vendor/laravel/framework/src/Illuminate/Pipeline/Pipeline.php(149): Illuminate\View\Middleware\ShareErrorsFromSession->handle(Object(Illuminate\Http\Request), Object(Closure))
#20 /Users/kekaiwang/Sites/jc_october/vendor/laravel/framework/src/Illuminate/Routing/Pipeline.php(53): Illuminate\Pipeline\Pipeline->Illuminate\Pipeline\{closure}(Object(Illuminate\Http\Request))
#21 /Users/kekaiwang/Sites/jc_october/vendor/laravel/framework/src/Illuminate/Session/Middleware/StartSession.php(63): Illuminate\Routing\Pipeline->Illuminate\Routing\{closure}(Object(Illuminate\Http\Request))
#22 /Users/kekaiwang/Sites/jc_october/vendor/laravel/framework/src/Illuminate/Pipeline/Pipeline.php(149): Illuminate\Session\Middleware\StartSession->handle(Object(Illuminate\Http\Request), Object(Closure))
#23 /Users/kekaiwang/Sites/jc_october/vendor/laravel/framework/src/Illuminate/Routing/Pipeline.php(53): Illuminate\Pipeline\Pipeline->Illuminate\Pipeline\{closure}(Object(Illuminate\Http\Request))
#24 /Users/kekaiwang/Sites/jc_october/vendor/laravel/framework/src/Illuminate/Cookie/Middleware/AddQueuedCookiesToResponse.php(37): Illuminate\Routing\Pipeline->Illuminate\Routing\{closure}(Object(Illuminate\Http\Request))
#25 /Users/kekaiwang/Sites/jc_october/vendor/laravel/framework/src/Illuminate/Pipeline/Pipeline.php(149): Illuminate\Cookie\Middleware\AddQueuedCookiesToResponse->handle(Object(Illuminate\Http\Request), Object(Closure))
#26 /Users/kekaiwang/Sites/jc_october/vendor/laravel/framework/src/Illuminate/Routing/Pipeline.php(53): Illuminate\Pipeline\Pipeline->Illuminate\Pipeline\{closure}(Object(Illuminate\Http\Request))
#27 /Users/kekaiwang/Sites/jc_october/vendor/laravel/framework/src/Illuminate/Cookie/Middleware/EncryptCookies.php(66): Illuminate\Routing\Pipeline->Illuminate\Routing\{closure}(Object(Illuminate\Http\Request))
#28 /Users/kekaiwang/Sites/jc_october/vendor/laravel/framework/src/Illuminate/Pipeline/Pipeline.php(149): Illuminate\Cookie\Middleware\EncryptCookies->handle(Object(Illuminate\Http\Request), Object(Closure))
#29 /Users/kekaiwang/Sites/jc_october/vendor/laravel/framework/src/Illuminate/Routing/Pipeline.php(53): Illuminate\Pipeline\Pipeline->Illuminate\Pipeline\{closure}(Object(Illuminate\Http\Request))
#30 /Users/kekaiwang/Sites/jc_october/vendor/laravel/framework/src/Illuminate/Pipeline/Pipeline.php(102): Illuminate\Routing\Pipeline->Illuminate\Routing\{closure}(Object(Illuminate\Http\Request))
#31 /Users/kekaiwang/Sites/jc_october/vendor/laravel/framework/src/Illuminate/Routing/Router.php(660): Illuminate\Pipeline\Pipeline->then(Object(Closure))
#32 /Users/kekaiwang/Sites/jc_october/vendor/laravel/framework/src/Illuminate/Routing/Router.php(635): Illuminate\Routing\Router->runRouteWithinStack(Object(Illuminate\Routing\Route), Object(Illuminate\Http\Request))
#33 /Users/kekaiwang/Sites/jc_october/vendor/laravel/framework/src/Illuminate/Routing/Router.php(601): Illuminate\Routing\Router->runRoute(Object(Illuminate\Http\Request), Object(Illuminate\Routing\Route))
#34 /Users/kekaiwang/Sites/jc_october/vendor/october/rain/src/Router/CoreRouter.php(20): Illuminate\Routing\Router->dispatchToRoute(Object(Illuminate\Http\Request))
#35 /Users/kekaiwang/Sites/jc_october/vendor/laravel/framework/src/Illuminate/Foundation/Http/Kernel.php(176): October\Rain\Router\CoreRouter->dispatch(Object(Illuminate\Http\Request))
#36 /Users/kekaiwang/Sites/jc_october/vendor/laravel/framework/src/Illuminate/Routing/Pipeline.php(30): Illuminate\Foundation\Http\Kernel->Illuminate\Foundation\Http\{closure}(Object(Illuminate\Http\Request))
#37 /Users/kekaiwang/Sites/jc_october/vendor/laravel/framework/src/Illuminate/Foundation/Http/Middleware/CheckForMaintenanceMode.php(46): Illuminate\Routing\Pipeline->Illuminate\Routing\{closure}(Object(Illuminate\Http\Request))
#38 /Users/kekaiwang/Sites/jc_october/vendor/october/rain/src/Foundation/Http/Middleware/CheckForMaintenanceMode.php(24): Illuminate\Foundation\Http\Middleware\CheckForMaintenanceMode->handle(Object(Illuminate\Http\Request), Object(Closure))
#39 /Users/kekaiwang/Sites/jc_october/vendor/laravel/framework/src/Illuminate/Pipeline/Pipeline.php(149): October\Rain\Foundation\Http\Middleware\CheckForMaintenanceMode->handle(Object(Illuminate\Http\Request), Object(Closure))
#40 /Users/kekaiwang/Sites/jc_october/vendor/laravel/framework/src/Illuminate/Routing/Pipeline.php(53): Illuminate\Pipeline\Pipeline->Illuminate\Pipeline\{closure}(Object(Illuminate\Http\Request))
#41 /Users/kekaiwang/Sites/jc_october/vendor/laravel/framework/src/Illuminate/Pipeline/Pipeline.php(102): Illuminate\Routing\Pipeline->Illuminate\Routing\{closure}(Object(Illuminate\Http\Request))
#42 /Users/kekaiwang/Sites/jc_october/vendor/laravel/framework/src/Illuminate/Foundation/Http/Kernel.php(151): Illuminate\Pipeline\Pipeline->then(Object(Closure))
#43 /Users/kekaiwang/Sites/jc_october/vendor/laravel/framework/src/Illuminate/Foundation/Http/Kernel.php(116): Illuminate\Foundation\Http\Kernel->sendRequestThroughRouter(Object(Illuminate\Http\Request))
#44 /Users/kekaiwang/Sites/jc_october/index.php(43): Illuminate\Foundation\Http\Kernel->handle(Object(Illuminate\Http\Request))
#45 {main}  
[2019-09-17 02:36:41] development.ERROR: Twig\Error\SyntaxError: Unknown "formatWeekDay" function in "/Users/kekaiwang/Sites/jc_october/themes/demo/pages/economic_calendar.htm" at line 216. in /Users/kekaiwang/Sites/jc_october/vendor/twig/twig/src/ExpressionParser.php:746
Stack trace:
#0 /Users/kekaiwang/Sites/jc_october/vendor/twig/twig/src/ExpressionParser.php(451): Twig\ExpressionParser->getFunctionNodeClass('formatWeekDay', 216)
#1 /Users/kekaiwang/Sites/jc_october/vendor/twig/twig/src/ExpressionParser.php(235): Twig\ExpressionParser->getFunctionNode('formatWeekDay', 216)
#2 /Users/kekaiwang/Sites/jc_october/vendor/twig/twig/src/ExpressionParser.php(175): Twig\ExpressionParser->parsePrimaryExpression()
#3 /Users/kekaiwang/Sites/jc_october/vendor/twig/twig/src/ExpressionParser.php(70): Twig\ExpressionParser->getPrimary()
#4 /Users/kekaiwang/Sites/jc_october/vendor/twig/twig/src/Parser.php(142): Twig\ExpressionParser->parseExpression()
#5 /Users/kekaiwang/Sites/jc_october/vendor/twig/twig/src/Parser.php(98): Twig\Parser->subparse(NULL, false)
#6 /Users/kekaiwang/Sites/jc_october/vendor/twig/twig/src/Environment.php(563): Twig\Parser->parse(Object(Twig\TokenStream))
#7 /Users/kekaiwang/Sites/jc_october/vendor/twig/twig/src/Environment.php(595): Twig\Environment->parse(Object(Twig\TokenStream))
#8 /Users/kekaiwang/Sites/jc_october/vendor/twig/twig/src/Environment.php(408): Twig\Environment->compileSource(Object(Twig\Source))
#9 /Users/kekaiwang/Sites/jc_october/vendor/twig/twig/src/Environment.php(381): Twig\Environment->loadClass('__TwigTemplate_...', '/Users/kekaiwan...', NULL)
#10 /Users/kekaiwang/Sites/jc_october/modules/cms/Classes/Controller.php(423): Twig\Environment->loadTemplate('/Users/kekaiwan...')
#11 /Users/kekaiwang/Sites/jc_october/modules/cms/Classes/Controller.php(224): Cms\Classes\Controller->runPage(Object(Cms\Classes\Page))
#12 /Users/kekaiwang/Sites/jc_october/modules/cms/Classes/CmsController.php(50): Cms\Classes\Controller->run('economic_calend...')
#13 [internal function]: Cms\Classes\CmsController->run('economic_calend...')
#14 /Users/kekaiwang/Sites/jc_october/vendor/laravel/framework/src/Illuminate/Routing/Controller.php(54): call_user_func_array(Array, Array)
#15 /Users/kekaiwang/Sites/jc_october/vendor/laravel/framework/src/Illuminate/Routing/ControllerDispatcher.php(45): Illuminate\Routing\Controller->callAction('run', Array)
#16 /Users/kekaiwang/Sites/jc_october/vendor/laravel/framework/src/Illuminate/Routing/Route.php(212): Illuminate\Routing\ControllerDispatcher->dispatch(Object(Illuminate\Routing\Route), Object(Cms\Classes\CmsController), 'run')
#17 /Users/kekaiwang/Sites/jc_october/vendor/laravel/framework/src/Illuminate/Routing/Route.php(169): Illuminate\Routing\Route->runController()
#18 /Users/kekaiwang/Sites/jc_october/vendor/laravel/framework/src/Illuminate/Routing/Router.php(658): Illuminate\Routing\Route->run()
#19 /Users/kekaiwang/Sites/jc_october/vendor/laravel/framework/src/Illuminate/Routing/Pipeline.php(30): Illuminate\Routing\Router->Illuminate\Routing\{closure}(Object(Illuminate\Http\Request))
#20 /Users/kekaiwang/Sites/jc_october/vendor/laravel/framework/src/Illuminate/Routing/Middleware/SubstituteBindings.php(41): Illuminate\Routing\Pipeline->Illuminate\Routing\{closure}(Object(Illuminate\Http\Request))
#21 /Users/kekaiwang/Sites/jc_october/vendor/laravel/framework/src/Illuminate/Pipeline/Pipeline.php(149): Illuminate\Routing\Middleware\SubstituteBindings->handle(Object(Illuminate\Http\Request), Object(Closure))
#22 /Users/kekaiwang/Sites/jc_october/vendor/laravel/framework/src/Illuminate/Routing/Pipeline.php(53): Illuminate\Pipeline\Pipeline->Illuminate\Pipeline\{closure}(Object(Illuminate\Http\Request))
#23 /Users/kekaiwang/Sites/jc_october/vendor/laravel/framework/src/Illuminate/View/Middleware/ShareErrorsFromSession.php(49): Illuminate\Routing\Pipeline->Illuminate\Routing\{closure}(Object(Illuminate\Http\Request))
#24 /Users/kekaiwang/Sites/jc_october/vendor/laravel/framework/src/Illuminate/Pipeline/Pipeline.php(149): Illuminate\View\Middleware\ShareErrorsFromSession->handle(Object(Illuminate\Http\Request), Object(Closure))
#25 /Users/kekaiwang/Sites/jc_october/vendor/laravel/framework/src/Illuminate/Routing/Pipeline.php(53): Illuminate\Pipeline\Pipeline->Illuminate\Pipeline\{closure}(Object(Illuminate\Http\Request))
#26 /Users/kekaiwang/Sites/jc_october/vendor/laravel/framework/src/Illuminate/Session/Middleware/StartSession.php(63): Illuminate\Routing\Pipeline->Illuminate\Routing\{closure}(Object(Illuminate\Http\Request))
#27 /Users/kekaiwang/Sites/jc_october/vendor/laravel/framework/src/Illuminate/Pipeline/Pipeline.php(149): Illuminate\Session\Middleware\StartSession->handle(Object(Illuminate\Http\Request), Object(Closure))
#28 /Users/kekaiwang/Sites/jc_october/vendor/laravel/framework/src/Illuminate/Routing/Pipeline.php(53): Illuminate\Pipeline\Pipeline->Illuminate\Pipeline\{closure}(Object(Illuminate\Http\Request))
#29 /Users/kekaiwang/Sites/jc_october/vendor/laravel/framework/src/Illuminate/Cookie/Middleware/AddQueuedCookiesToResponse.php(37): Illuminate\Routing\Pipeline->Illuminate\Routing\{closure}(Object(Illuminate\Http\Request))
#30 /Users/kekaiwang/Sites/jc_october/vendor/laravel/framework/src/Illuminate/Pipeline/Pipeline.php(149): Illuminate\Cookie\Middleware\AddQueuedCookiesToResponse->handle(Object(Illuminate\Http\Request), Object(Closure))
#31 /Users/kekaiwang/Sites/jc_october/vendor/laravel/framework/src/Illuminate/Routing/Pipeline.php(53): Illuminate\Pipeline\Pipeline->Illuminate\Pipeline\{closure}(Object(Illuminate\Http\Request))
#32 /Users/kekaiwang/Sites/jc_october/vendor/laravel/framework/src/Illuminate/Cookie/Middleware/EncryptCookies.php(66): Illuminate\Routing\Pipeline->Illuminate\Routing\{closure}(Object(Illuminate\Http\Request))
#33 /Users/kekaiwang/Sites/jc_october/vendor/laravel/framework/src/Illuminate/Pipeline/Pipeline.php(149): Illuminate\Cookie\Middleware\EncryptCookies->handle(Object(Illuminate\Http\Request), Object(Closure))
#34 /Users/kekaiwang/Sites/jc_october/vendor/laravel/framework/src/Illuminate/Routing/Pipeline.php(53): Illuminate\Pipeline\Pipeline->Illuminate\Pipeline\{closure}(Object(Illuminate\Http\Request))
#35 /Users/kekaiwang/Sites/jc_october/vendor/laravel/framework/src/Illuminate/Pipeline/Pipeline.php(102): Illuminate\Routing\Pipeline->Illuminate\Routing\{closure}(Object(Illuminate\Http\Request))
#36 /Users/kekaiwang/Sites/jc_october/vendor/laravel/framework/src/Illuminate/Routing/Router.php(660): Illuminate\Pipeline\Pipeline->then(Object(Closure))
#37 /Users/kekaiwang/Sites/jc_october/vendor/laravel/framework/src/Illuminate/Routing/Router.php(635): Illuminate\Routing\Router->runRouteWithinStack(Object(Illuminate\Routing\Route), Object(Illuminate\Http\Request))
#38 /Users/kekaiwang/Sites/jc_october/vendor/laravel/framework/src/Illuminate/Routing/Router.php(601): Illuminate\Routing\Router->runRoute(Object(Illuminate\Http\Request), Object(Illuminate\Routing\Route))
#39 /Users/kekaiwang/Sites/jc_october/vendor/october/rain/src/Router/CoreRouter.php(20): Illuminate\Routing\Router->dispatchToRoute(Object(Illuminate\Http\Request))
#40 /Users/kekaiwang/Sites/jc_october/vendor/laravel/framework/src/Illuminate/Foundation/Http/Kernel.php(176): October\Rain\Router\CoreRouter->dispatch(Object(Illuminate\Http\Request))
#41 /Users/kekaiwang/Sites/jc_october/vendor/laravel/framework/src/Illuminate/Routing/Pipeline.php(30): Illuminate\Foundation\Http\Kernel->Illuminate\Foundation\Http\{closure}(Object(Illuminate\Http\Request))
#42 /Users/kekaiwang/Sites/jc_october/vendor/laravel/framework/src/Illuminate/Foundation/Http/Middleware/CheckForMaintenanceMode.php(46): Illuminate\Routing\Pipeline->Illuminate\Routing\{closure}(Object(Illuminate\Http\Request))
#43 /Users/kekaiwang/Sites/jc_october/vendor/october/rain/src/Foundation/Http/Middleware/CheckForMaintenanceMode.php(24): Illuminate\Foundation\Http\Middleware\CheckForMaintenanceMode->handle(Object(Illuminate\Http\Request), Object(Closure))
#44 /Users/kekaiwang/Sites/jc_october/vendor/laravel/framework/src/Illuminate/Pipeline/Pipeline.php(149): October\Rain\Foundation\Http\Middleware\CheckForMaintenanceMode->handle(Object(Illuminate\Http\Request), Object(Closure))
#45 /Users/kekaiwang/Sites/jc_october/vendor/laravel/framework/src/Illuminate/Routing/Pipeline.php(53): Illuminate\Pipeline\Pipeline->Illuminate\Pipeline\{closure}(Object(Illuminate\Http\Request))
#46 /Users/kekaiwang/Sites/jc_october/vendor/laravel/framework/src/Illuminate/Pipeline/Pipeline.php(102): Illuminate\Routing\Pipeline->Illuminate\Routing\{closure}(Object(Illuminate\Http\Request))
#47 /Users/kekaiwang/Sites/jc_october/vendor/laravel/framework/src/Illuminate/Foundation/Http/Kernel.php(151): Illuminate\Pipeline\Pipeline->then(Object(Closure))
#48 /Users/kekaiwang/Sites/jc_october/vendor/laravel/framework/src/Illuminate/Foundation/Http/Kernel.php(116): Illuminate\Foundation\Http\Kernel->sendRequestThroughRouter(Object(Illuminate\Http\Request))
#49 /Users/kekaiwang/Sites/jc_october/index.php(43): Illuminate\Foundation\Http\Kernel->handle(Object(Illuminate\Http\Request))
#50 {main}  
[2019-09-17 02:37:51] development.ERROR: Twig\Error\SyntaxError: Unknown "formatWeekDay" function in "/Users/kekaiwang/Sites/jc_october/themes/demo/pages/economic_calendar.htm" at line 216. in /Users/kekaiwang/Sites/jc_october/vendor/twig/twig/src/ExpressionParser.php:746
Stack trace:
#0 /Users/kekaiwang/Sites/jc_october/vendor/twig/twig/src/ExpressionParser.php(451): Twig\ExpressionParser->getFunctionNodeClass('formatWeekDay', 216)
#1 /Users/kekaiwang/Sites/jc_october/vendor/twig/twig/src/ExpressionParser.php(235): Twig\ExpressionParser->getFunctionNode('formatWeekDay', 216)
#2 /Users/kekaiwang/Sites/jc_october/vendor/twig/twig/src/ExpressionParser.php(175): Twig\ExpressionParser->parsePrimaryExpression()
#3 /Users/kekaiwang/Sites/jc_october/vendor/twig/twig/src/ExpressionParser.php(70): Twig\ExpressionParser->getPrimary()
#4 /Users/kekaiwang/Sites/jc_october/vendor/twig/twig/src/Parser.php(142): Twig\ExpressionParser->parseExpression()
#5 /Users/kekaiwang/Sites/jc_october/vendor/twig/twig/src/Parser.php(98): Twig\Parser->subparse(NULL, false)
#6 /Users/kekaiwang/Sites/jc_october/vendor/twig/twig/src/Environment.php(563): Twig\Parser->parse(Object(Twig\TokenStream))
#7 /Users/kekaiwang/Sites/jc_october/vendor/twig/twig/src/Environment.php(595): Twig\Environment->parse(Object(Twig\TokenStream))
#8 /Users/kekaiwang/Sites/jc_october/vendor/twig/twig/src/Environment.php(408): Twig\Environment->compileSource(Object(Twig\Source))
#9 /Users/kekaiwang/Sites/jc_october/vendor/twig/twig/src/Environment.php(381): Twig\Environment->loadClass('__TwigTemplate_...', '/Users/kekaiwan...', NULL)
#10 /Users/kekaiwang/Sites/jc_october/modules/cms/Classes/Controller.php(423): Twig\Environment->loadTemplate('/Users/kekaiwan...')
#11 /Users/kekaiwang/Sites/jc_october/modules/cms/Classes/Controller.php(224): Cms\Classes\Controller->runPage(Object(Cms\Classes\Page))
#12 /Users/kekaiwang/Sites/jc_october/modules/cms/Classes/CmsController.php(50): Cms\Classes\Controller->run('economic_calend...')
#13 [internal function]: Cms\Classes\CmsController->run('economic_calend...')
#14 /Users/kekaiwang/Sites/jc_october/vendor/laravel/framework/src/Illuminate/Routing/Controller.php(54): call_user_func_array(Array, Array)
#15 /Users/kekaiwang/Sites/jc_october/vendor/laravel/framework/src/Illuminate/Routing/ControllerDispatcher.php(45): Illuminate\Routing\Controller->callAction('run', Array)
#16 /Users/kekaiwang/Sites/jc_october/vendor/laravel/framework/src/Illuminate/Routing/Route.php(212): Illuminate\Routing\ControllerDispatcher->dispatch(Object(Illuminate\Routing\Route), Object(Cms\Classes\CmsController), 'run')
#17 /Users/kekaiwang/Sites/jc_october/vendor/laravel/framework/src/Illuminate/Routing/Route.php(169): Illuminate\Routing\Route->runController()
#18 /Users/kekaiwang/Sites/jc_october/vendor/laravel/framework/src/Illuminate/Routing/Router.php(658): Illuminate\Routing\Route->run()
#19 /Users/kekaiwang/Sites/jc_october/vendor/laravel/framework/src/Illuminate/Routing/Pipeline.php(30): Illuminate\Routing\Router->Illuminate\Routing\{closure}(Object(Illuminate\Http\Request))
#20 /Users/kekaiwang/Sites/jc_october/vendor/laravel/framework/src/Illuminate/Routing/Middleware/SubstituteBindings.php(41): Illuminate\Routing\Pipeline->Illuminate\Routing\{closure}(Object(Illuminate\Http\Request))
#21 /Users/kekaiwang/Sites/jc_october/vendor/laravel/framework/src/Illuminate/Pipeline/Pipeline.php(149): Illuminate\Routing\Middleware\SubstituteBindings->handle(Object(Illuminate\Http\Request), Object(Closure))
#22 /Users/kekaiwang/Sites/jc_october/vendor/laravel/framework/src/Illuminate/Routing/Pipeline.php(53): Illuminate\Pipeline\Pipeline->Illuminate\Pipeline\{closure}(Object(Illuminate\Http\Request))
#23 /Users/kekaiwang/Sites/jc_october/vendor/laravel/framework/src/Illuminate/View/Middleware/ShareErrorsFromSession.php(49): Illuminate\Routing\Pipeline->Illuminate\Routing\{closure}(Object(Illuminate\Http\Request))
#24 /Users/kekaiwang/Sites/jc_october/vendor/laravel/framework/src/Illuminate/Pipeline/Pipeline.php(149): Illuminate\View\Middleware\ShareErrorsFromSession->handle(Object(Illuminate\Http\Request), Object(Closure))
#25 /Users/kekaiwang/Sites/jc_october/vendor/laravel/framework/src/Illuminate/Routing/Pipeline.php(53): Illuminate\Pipeline\Pipeline->Illuminate\Pipeline\{closure}(Object(Illuminate\Http\Request))
#26 /Users/kekaiwang/Sites/jc_october/vendor/laravel/framework/src/Illuminate/Session/Middleware/StartSession.php(63): Illuminate\Routing\Pipeline->Illuminate\Routing\{closure}(Object(Illuminate\Http\Request))
#27 /Users/kekaiwang/Sites/jc_october/vendor/laravel/framework/src/Illuminate/Pipeline/Pipeline.php(149): Illuminate\Session\Middleware\StartSession->handle(Object(Illuminate\Http\Request), Object(Closure))
#28 /Users/kekaiwang/Sites/jc_october/vendor/laravel/framework/src/Illuminate/Routing/Pipeline.php(53): Illuminate\Pipeline\Pipeline->Illuminate\Pipeline\{closure}(Object(Illuminate\Http\Request))
#29 /Users/kekaiwang/Sites/jc_october/vendor/laravel/framework/src/Illuminate/Cookie/Middleware/AddQueuedCookiesToResponse.php(37): Illuminate\Routing\Pipeline->Illuminate\Routing\{closure}(Object(Illuminate\Http\Request))
#30 /Users/kekaiwang/Sites/jc_october/vendor/laravel/framework/src/Illuminate/Pipeline/Pipeline.php(149): Illuminate\Cookie\Middleware\AddQueuedCookiesToResponse->handle(Object(Illuminate\Http\Request), Object(Closure))
#31 /Users/kekaiwang/Sites/jc_october/vendor/laravel/framework/src/Illuminate/Routing/Pipeline.php(53): Illuminate\Pipeline\Pipeline->Illuminate\Pipeline\{closure}(Object(Illuminate\Http\Request))
#32 /Users/kekaiwang/Sites/jc_october/vendor/laravel/framework/src/Illuminate/Cookie/Middleware/EncryptCookies.php(66): Illuminate\Routing\Pipeline->Illuminate\Routing\{closure}(Object(Illuminate\Http\Request))
#33 /Users/kekaiwang/Sites/jc_october/vendor/laravel/framework/src/Illuminate/Pipeline/Pipeline.php(149): Illuminate\Cookie\Middleware\EncryptCookies->handle(Object(Illuminate\Http\Request), Object(Closure))
#34 /Users/kekaiwang/Sites/jc_october/vendor/laravel/framework/src/Illuminate/Routing/Pipeline.php(53): Illuminate\Pipeline\Pipeline->Illuminate\Pipeline\{closure}(Object(Illuminate\Http\Request))
#35 /Users/kekaiwang/Sites/jc_october/vendor/laravel/framework/src/Illuminate/Pipeline/Pipeline.php(102): Illuminate\Routing\Pipeline->Illuminate\Routing\{closure}(Object(Illuminate\Http\Request))
#36 /Users/kekaiwang/Sites/jc_october/vendor/laravel/framework/src/Illuminate/Routing/Router.php(660): Illuminate\Pipeline\Pipeline->then(Object(Closure))
#37 /Users/kekaiwang/Sites/jc_october/vendor/laravel/framework/src/Illuminate/Routing/Router.php(635): Illuminate\Routing\Router->runRouteWithinStack(Object(Illuminate\Routing\Route), Object(Illuminate\Http\Request))
#38 /Users/kekaiwang/Sites/jc_october/vendor/laravel/framework/src/Illuminate/Routing/Router.php(601): Illuminate\Routing\Router->runRoute(Object(Illuminate\Http\Request), Object(Illuminate\Routing\Route))
#39 /Users/kekaiwang/Sites/jc_october/vendor/october/rain/src/Router/CoreRouter.php(20): Illuminate\Routing\Router->dispatchToRoute(Object(Illuminate\Http\Request))
#40 /Users/kekaiwang/Sites/jc_october/vendor/laravel/framework/src/Illuminate/Foundation/Http/Kernel.php(176): October\Rain\Router\CoreRouter->dispatch(Object(Illuminate\Http\Request))
#41 /Users/kekaiwang/Sites/jc_october/vendor/laravel/framework/src/Illuminate/Routing/Pipeline.php(30): Illuminate\Foundation\Http\Kernel->Illuminate\Foundation\Http\{closure}(Object(Illuminate\Http\Request))
#42 /Users/kekaiwang/Sites/jc_october/vendor/laravel/framework/src/Illuminate/Foundation/Http/Middleware/CheckForMaintenanceMode.php(46): Illuminate\Routing\Pipeline->Illuminate\Routing\{closure}(Object(Illuminate\Http\Request))
#43 /Users/kekaiwang/Sites/jc_october/vendor/october/rain/src/Foundation/Http/Middleware/CheckForMaintenanceMode.php(24): Illuminate\Foundation\Http\Middleware\CheckForMaintenanceMode->handle(Object(Illuminate\Http\Request), Object(Closure))
#44 /Users/kekaiwang/Sites/jc_october/vendor/laravel/framework/src/Illuminate/Pipeline/Pipeline.php(149): October\Rain\Foundation\Http\Middleware\CheckForMaintenanceMode->handle(Object(Illuminate\Http\Request), Object(Closure))
#45 /Users/kekaiwang/Sites/jc_october/vendor/laravel/framework/src/Illuminate/Routing/Pipeline.php(53): Illuminate\Pipeline\Pipeline->Illuminate\Pipeline\{closure}(Object(Illuminate\Http\Request))
#46 /Users/kekaiwang/Sites/jc_october/vendor/laravel/framework/src/Illuminate/Pipeline/Pipeline.php(102): Illuminate\Routing\Pipeline->Illuminate\Routing\{closure}(Object(Illuminate\Http\Request))
#47 /Users/kekaiwang/Sites/jc_october/vendor/laravel/framework/src/Illuminate/Foundation/Http/Kernel.php(151): Illuminate\Pipeline\Pipeline->then(Object(Closure))
#48 /Users/kekaiwang/Sites/jc_october/vendor/laravel/framework/src/Illuminate/Foundation/Http/Kernel.php(116): Illuminate\Foundation\Http\Kernel->sendRequestThroughRouter(Object(Illuminate\Http\Request))
#49 /Users/kekaiwang/Sites/jc_october/index.php(43): Illuminate\Foundation\Http\Kernel->handle(Object(Illuminate\Http\Request))
#50 {main}  
[2019-09-17 02:38:08] development.ERROR: Twig\Error\SyntaxError: Unknown "formatWeekDay" function in "/Users/kekaiwang/Sites/jc_october/themes/demo/pages/economic_calendar.htm" at line 216. in /Users/kekaiwang/Sites/jc_october/vendor/twig/twig/src/ExpressionParser.php:746
Stack trace:
#0 /Users/kekaiwang/Sites/jc_october/vendor/twig/twig/src/ExpressionParser.php(451): Twig\ExpressionParser->getFunctionNodeClass('formatWeekDay', 216)
#1 /Users/kekaiwang/Sites/jc_october/vendor/twig/twig/src/ExpressionParser.php(235): Twig\ExpressionParser->getFunctionNode('formatWeekDay', 216)
#2 /Users/kekaiwang/Sites/jc_october/vendor/twig/twig/src/ExpressionParser.php(175): Twig\ExpressionParser->parsePrimaryExpression()
#3 /Users/kekaiwang/Sites/jc_october/vendor/twig/twig/src/ExpressionParser.php(70): Twig\ExpressionParser->getPrimary()
#4 /Users/kekaiwang/Sites/jc_october/vendor/twig/twig/src/Parser.php(142): Twig\ExpressionParser->parseExpression()
#5 /Users/kekaiwang/Sites/jc_october/vendor/twig/twig/src/Parser.php(98): Twig\Parser->subparse(NULL, false)
#6 /Users/kekaiwang/Sites/jc_october/vendor/twig/twig/src/Environment.php(563): Twig\Parser->parse(Object(Twig\TokenStream))
#7 /Users/kekaiwang/Sites/jc_october/vendor/twig/twig/src/Environment.php(595): Twig\Environment->parse(Object(Twig\TokenStream))
#8 /Users/kekaiwang/Sites/jc_october/vendor/twig/twig/src/Environment.php(408): Twig\Environment->compileSource(Object(Twig\Source))
#9 /Users/kekaiwang/Sites/jc_october/vendor/twig/twig/src/Environment.php(381): Twig\Environment->loadClass('__TwigTemplate_...', '/Users/kekaiwan...', NULL)
#10 /Users/kekaiwang/Sites/jc_october/modules/cms/Classes/Controller.php(423): Twig\Environment->loadTemplate('/Users/kekaiwan...')
#11 /Users/kekaiwang/Sites/jc_october/modules/cms/Classes/Controller.php(224): Cms\Classes\Controller->runPage(Object(Cms\Classes\Page))
#12 /Users/kekaiwang/Sites/jc_october/modules/cms/Classes/CmsController.php(50): Cms\Classes\Controller->run('economic_calend...')
#13 [internal function]: Cms\Classes\CmsController->run('economic_calend...')
#14 /Users/kekaiwang/Sites/jc_october/vendor/laravel/framework/src/Illuminate/Routing/Controller.php(54): call_user_func_array(Array, Array)
#15 /Users/kekaiwang/Sites/jc_october/vendor/laravel/framework/src/Illuminate/Routing/ControllerDispatcher.php(45): Illuminate\Routing\Controller->callAction('run', Array)
#16 /Users/kekaiwang/Sites/jc_october/vendor/laravel/framework/src/Illuminate/Routing/Route.php(212): Illuminate\Routing\ControllerDispatcher->dispatch(Object(Illuminate\Routing\Route), Object(Cms\Classes\CmsController), 'run')
#17 /Users/kekaiwang/Sites/jc_october/vendor/laravel/framework/src/Illuminate/Routing/Route.php(169): Illuminate\Routing\Route->runController()
#18 /Users/kekaiwang/Sites/jc_october/vendor/laravel/framework/src/Illuminate/Routing/Router.php(658): Illuminate\Routing\Route->run()
#19 /Users/kekaiwang/Sites/jc_october/vendor/laravel/framework/src/Illuminate/Routing/Pipeline.php(30): Illuminate\Routing\Router->Illuminate\Routing\{closure}(Object(Illuminate\Http\Request))
#20 /Users/kekaiwang/Sites/jc_october/vendor/laravel/framework/src/Illuminate/Routing/Middleware/SubstituteBindings.php(41): Illuminate\Routing\Pipeline->Illuminate\Routing\{closure}(Object(Illuminate\Http\Request))
#21 /Users/kekaiwang/Sites/jc_october/vendor/laravel/framework/src/Illuminate/Pipeline/Pipeline.php(149): Illuminate\Routing\Middleware\SubstituteBindings->handle(Object(Illuminate\Http\Request), Object(Closure))
#22 /Users/kekaiwang/Sites/jc_october/vendor/laravel/framework/src/Illuminate/Routing/Pipeline.php(53): Illuminate\Pipeline\Pipeline->Illuminate\Pipeline\{closure}(Object(Illuminate\Http\Request))
#23 /Users/kekaiwang/Sites/jc_october/vendor/laravel/framework/src/Illuminate/View/Middleware/ShareErrorsFromSession.php(49): Illuminate\Routing\Pipeline->Illuminate\Routing\{closure}(Object(Illuminate\Http\Request))
#24 /Users/kekaiwang/Sites/jc_october/vendor/laravel/framework/src/Illuminate/Pipeline/Pipeline.php(149): Illuminate\View\Middleware\ShareErrorsFromSession->handle(Object(Illuminate\Http\Request), Object(Closure))
#25 /Users/kekaiwang/Sites/jc_october/vendor/laravel/framework/src/Illuminate/Routing/Pipeline.php(53): Illuminate\Pipeline\Pipeline->Illuminate\Pipeline\{closure}(Object(Illuminate\Http\Request))
#26 /Users/kekaiwang/Sites/jc_october/vendor/laravel/framework/src/Illuminate/Session/Middleware/StartSession.php(63): Illuminate\Routing\Pipeline->Illuminate\Routing\{closure}(Object(Illuminate\Http\Request))
#27 /Users/kekaiwang/Sites/jc_october/vendor/laravel/framework/src/Illuminate/Pipeline/Pipeline.php(149): Illuminate\Session\Middleware\StartSession->handle(Object(Illuminate\Http\Request), Object(Closure))
#28 /Users/kekaiwang/Sites/jc_october/vendor/laravel/framework/src/Illuminate/Routing/Pipeline.php(53): Illuminate\Pipeline\Pipeline->Illuminate\Pipeline\{closure}(Object(Illuminate\Http\Request))
#29 /Users/kekaiwang/Sites/jc_october/vendor/laravel/framework/src/Illuminate/Cookie/Middleware/AddQueuedCookiesToResponse.php(37): Illuminate\Routing\Pipeline->Illuminate\Routing\{closure}(Object(Illuminate\Http\Request))
#30 /Users/kekaiwang/Sites/jc_october/vendor/laravel/framework/src/Illuminate/Pipeline/Pipeline.php(149): Illuminate\Cookie\Middleware\AddQueuedCookiesToResponse->handle(Object(Illuminate\Http\Request), Object(Closure))
#31 /Users/kekaiwang/Sites/jc_october/vendor/laravel/framework/src/Illuminate/Routing/Pipeline.php(53): Illuminate\Pipeline\Pipeline->Illuminate\Pipeline\{closure}(Object(Illuminate\Http\Request))
#32 /Users/kekaiwang/Sites/jc_october/vendor/laravel/framework/src/Illuminate/Cookie/Middleware/EncryptCookies.php(66): Illuminate\Routing\Pipeline->Illuminate\Routing\{closure}(Object(Illuminate\Http\Request))
#33 /Users/kekaiwang/Sites/jc_october/vendor/laravel/framework/src/Illuminate/Pipeline/Pipeline.php(149): Illuminate\Cookie\Middleware\EncryptCookies->handle(Object(Illuminate\Http\Request), Object(Closure))
#34 /Users/kekaiwang/Sites/jc_october/vendor/laravel/framework/src/Illuminate/Routing/Pipeline.php(53): Illuminate\Pipeline\Pipeline->Illuminate\Pipeline\{closure}(Object(Illuminate\Http\Request))
#35 /Users/kekaiwang/Sites/jc_october/vendor/laravel/framework/src/Illuminate/Pipeline/Pipeline.php(102): Illuminate\Routing\Pipeline->Illuminate\Routing\{closure}(Object(Illuminate\Http\Request))
#36 /Users/kekaiwang/Sites/jc_october/vendor/laravel/framework/src/Illuminate/Routing/Router.php(660): Illuminate\Pipeline\Pipeline->then(Object(Closure))
#37 /Users/kekaiwang/Sites/jc_october/vendor/laravel/framework/src/Illuminate/Routing/Router.php(635): Illuminate\Routing\Router->runRouteWithinStack(Object(Illuminate\Routing\Route), Object(Illuminate\Http\Request))
#38 /Users/kekaiwang/Sites/jc_october/vendor/laravel/framework/src/Illuminate/Routing/Router.php(601): Illuminate\Routing\Router->runRoute(Object(Illuminate\Http\Request), Object(Illuminate\Routing\Route))
#39 /Users/kekaiwang/Sites/jc_october/vendor/october/rain/src/Router/CoreRouter.php(20): Illuminate\Routing\Router->dispatchToRoute(Object(Illuminate\Http\Request))
#40 /Users/kekaiwang/Sites/jc_october/vendor/laravel/framework/src/Illuminate/Foundation/Http/Kernel.php(176): October\Rain\Router\CoreRouter->dispatch(Object(Illuminate\Http\Request))
#41 /Users/kekaiwang/Sites/jc_october/vendor/laravel/framework/src/Illuminate/Routing/Pipeline.php(30): Illuminate\Foundation\Http\Kernel->Illuminate\Foundation\Http\{closure}(Object(Illuminate\Http\Request))
#42 /Users/kekaiwang/Sites/jc_october/vendor/laravel/framework/src/Illuminate/Foundation/Http/Middleware/CheckForMaintenanceMode.php(46): Illuminate\Routing\Pipeline->Illuminate\Routing\{closure}(Object(Illuminate\Http\Request))
#43 /Users/kekaiwang/Sites/jc_october/vendor/october/rain/src/Foundation/Http/Middleware/CheckForMaintenanceMode.php(24): Illuminate\Foundation\Http\Middleware\CheckForMaintenanceMode->handle(Object(Illuminate\Http\Request), Object(Closure))
#44 /Users/kekaiwang/Sites/jc_october/vendor/laravel/framework/src/Illuminate/Pipeline/Pipeline.php(149): October\Rain\Foundation\Http\Middleware\CheckForMaintenanceMode->handle(Object(Illuminate\Http\Request), Object(Closure))
#45 /Users/kekaiwang/Sites/jc_october/vendor/laravel/framework/src/Illuminate/Routing/Pipeline.php(53): Illuminate\Pipeline\Pipeline->Illuminate\Pipeline\{closure}(Object(Illuminate\Http\Request))
#46 /Users/kekaiwang/Sites/jc_october/vendor/laravel/framework/src/Illuminate/Pipeline/Pipeline.php(102): Illuminate\Routing\Pipeline->Illuminate\Routing\{closure}(Object(Illuminate\Http\Request))
#47 /Users/kekaiwang/Sites/jc_october/vendor/laravel/framework/src/Illuminate/Foundation/Http/Kernel.php(151): Illuminate\Pipeline\Pipeline->then(Object(Closure))
#48 /Users/kekaiwang/Sites/jc_october/vendor/laravel/framework/src/Illuminate/Foundation/Http/Kernel.php(116): Illuminate\Foundation\Http\Kernel->sendRequestThroughRouter(Object(Illuminate\Http\Request))
#49 /Users/kekaiwang/Sites/jc_october/index.php(43): Illuminate\Foundation\Http\Kernel->handle(Object(Illuminate\Http\Request))
#50 {main}  
[2019-09-17 02:41:49] development.ERROR: Twig\Error\SyntaxError: Unknown "formatWeekDay" function in "/Users/kekaiwang/Sites/jc_october/themes/demo/pages/economic_calendar.htm" at line 216. in /Users/kekaiwang/Sites/jc_october/vendor/twig/twig/src/ExpressionParser.php:746
Stack trace:
#0 /Users/kekaiwang/Sites/jc_october/vendor/twig/twig/src/ExpressionParser.php(451): Twig\ExpressionParser->getFunctionNodeClass('formatWeekDay', 216)
#1 /Users/kekaiwang/Sites/jc_october/vendor/twig/twig/src/ExpressionParser.php(235): Twig\ExpressionParser->getFunctionNode('formatWeekDay', 216)
#2 /Users/kekaiwang/Sites/jc_october/vendor/twig/twig/src/ExpressionParser.php(175): Twig\ExpressionParser->parsePrimaryExpression()
#3 /Users/kekaiwang/Sites/jc_october/vendor/twig/twig/src/ExpressionParser.php(70): Twig\ExpressionParser->getPrimary()
#4 /Users/kekaiwang/Sites/jc_october/vendor/twig/twig/src/Parser.php(142): Twig\ExpressionParser->parseExpression()
#5 /Users/kekaiwang/Sites/jc_october/vendor/twig/twig/src/Parser.php(98): Twig\Parser->subparse(NULL, false)
#6 /Users/kekaiwang/Sites/jc_october/vendor/twig/twig/src/Environment.php(563): Twig\Parser->parse(Object(Twig\TokenStream))
#7 /Users/kekaiwang/Sites/jc_october/vendor/twig/twig/src/Environment.php(595): Twig\Environment->parse(Object(Twig\TokenStream))
#8 /Users/kekaiwang/Sites/jc_october/vendor/twig/twig/src/Environment.php(408): Twig\Environment->compileSource(Object(Twig\Source))
#9 /Users/kekaiwang/Sites/jc_october/vendor/twig/twig/src/Environment.php(381): Twig\Environment->loadClass('__TwigTemplate_...', '/Users/kekaiwan...', NULL)
#10 /Users/kekaiwang/Sites/jc_october/modules/cms/Classes/Controller.php(423): Twig\Environment->loadTemplate('/Users/kekaiwan...')
#11 /Users/kekaiwang/Sites/jc_october/modules/cms/Classes/Controller.php(224): Cms\Classes\Controller->runPage(Object(Cms\Classes\Page))
#12 /Users/kekaiwang/Sites/jc_october/modules/cms/Classes/CmsController.php(50): Cms\Classes\Controller->run('economic_calend...')
#13 [internal function]: Cms\Classes\CmsController->run('economic_calend...')
#14 /Users/kekaiwang/Sites/jc_october/vendor/laravel/framework/src/Illuminate/Routing/Controller.php(54): call_user_func_array(Array, Array)
#15 /Users/kekaiwang/Sites/jc_october/vendor/laravel/framework/src/Illuminate/Routing/ControllerDispatcher.php(45): Illuminate\Routing\Controller->callAction('run', Array)
#16 /Users/kekaiwang/Sites/jc_october/vendor/laravel/framework/src/Illuminate/Routing/Route.php(212): Illuminate\Routing\ControllerDispatcher->dispatch(Object(Illuminate\Routing\Route), Object(Cms\Classes\CmsController), 'run')
#17 /Users/kekaiwang/Sites/jc_october/vendor/laravel/framework/src/Illuminate/Routing/Route.php(169): Illuminate\Routing\Route->runController()
#18 /Users/kekaiwang/Sites/jc_october/vendor/laravel/framework/src/Illuminate/Routing/Router.php(658): Illuminate\Routing\Route->run()
#19 /Users/kekaiwang/Sites/jc_october/vendor/laravel/framework/src/Illuminate/Routing/Pipeline.php(30): Illuminate\Routing\Router->Illuminate\Routing\{closure}(Object(Illuminate\Http\Request))
#20 /Users/kekaiwang/Sites/jc_october/vendor/laravel/framework/src/Illuminate/Routing/Middleware/SubstituteBindings.php(41): Illuminate\Routing\Pipeline->Illuminate\Routing\{closure}(Object(Illuminate\Http\Request))
#21 /Users/kekaiwang/Sites/jc_october/vendor/laravel/framework/src/Illuminate/Pipeline/Pipeline.php(149): Illuminate\Routing\Middleware\SubstituteBindings->handle(Object(Illuminate\Http\Request), Object(Closure))
#22 /Users/kekaiwang/Sites/jc_october/vendor/laravel/framework/src/Illuminate/Routing/Pipeline.php(53): Illuminate\Pipeline\Pipeline->Illuminate\Pipeline\{closure}(Object(Illuminate\Http\Request))
#23 /Users/kekaiwang/Sites/jc_october/vendor/laravel/framework/src/Illuminate/View/Middleware/ShareErrorsFromSession.php(49): Illuminate\Routing\Pipeline->Illuminate\Routing\{closure}(Object(Illuminate\Http\Request))
#24 /Users/kekaiwang/Sites/jc_october/vendor/laravel/framework/src/Illuminate/Pipeline/Pipeline.php(149): Illuminate\View\Middleware\ShareErrorsFromSession->handle(Object(Illuminate\Http\Request), Object(Closure))
#25 /Users/kekaiwang/Sites/jc_october/vendor/laravel/framework/src/Illuminate/Routing/Pipeline.php(53): Illuminate\Pipeline\Pipeline->Illuminate\Pipeline\{closure}(Object(Illuminate\Http\Request))
#26 /Users/kekaiwang/Sites/jc_october/vendor/laravel/framework/src/Illuminate/Session/Middleware/StartSession.php(63): Illuminate\Routing\Pipeline->Illuminate\Routing\{closure}(Object(Illuminate\Http\Request))
#27 /Users/kekaiwang/Sites/jc_october/vendor/laravel/framework/src/Illuminate/Pipeline/Pipeline.php(149): Illuminate\Session\Middleware\StartSession->handle(Object(Illuminate\Http\Request), Object(Closure))
#28 /Users/kekaiwang/Sites/jc_october/vendor/laravel/framework/src/Illuminate/Routing/Pipeline.php(53): Illuminate\Pipeline\Pipeline->Illuminate\Pipeline\{closure}(Object(Illuminate\Http\Request))
#29 /Users/kekaiwang/Sites/jc_october/vendor/laravel/framework/src/Illuminate/Cookie/Middleware/AddQueuedCookiesToResponse.php(37): Illuminate\Routing\Pipeline->Illuminate\Routing\{closure}(Object(Illuminate\Http\Request))
#30 /Users/kekaiwang/Sites/jc_october/vendor/laravel/framework/src/Illuminate/Pipeline/Pipeline.php(149): Illuminate\Cookie\Middleware\AddQueuedCookiesToResponse->handle(Object(Illuminate\Http\Request), Object(Closure))
#31 /Users/kekaiwang/Sites/jc_october/vendor/laravel/framework/src/Illuminate/Routing/Pipeline.php(53): Illuminate\Pipeline\Pipeline->Illuminate\Pipeline\{closure}(Object(Illuminate\Http\Request))
#32 /Users/kekaiwang/Sites/jc_october/vendor/laravel/framework/src/Illuminate/Cookie/Middleware/EncryptCookies.php(66): Illuminate\Routing\Pipeline->Illuminate\Routing\{closure}(Object(Illuminate\Http\Request))
#33 /Users/kekaiwang/Sites/jc_october/vendor/laravel/framework/src/Illuminate/Pipeline/Pipeline.php(149): Illuminate\Cookie\Middleware\EncryptCookies->handle(Object(Illuminate\Http\Request), Object(Closure))
#34 /Users/kekaiwang/Sites/jc_october/vendor/laravel/framework/src/Illuminate/Routing/Pipeline.php(53): Illuminate\Pipeline\Pipeline->Illuminate\Pipeline\{closure}(Object(Illuminate\Http\Request))
#35 /Users/kekaiwang/Sites/jc_october/vendor/laravel/framework/src/Illuminate/Pipeline/Pipeline.php(102): Illuminate\Routing\Pipeline->Illuminate\Routing\{closure}(Object(Illuminate\Http\Request))
#36 /Users/kekaiwang/Sites/jc_october/vendor/laravel/framework/src/Illuminate/Routing/Router.php(660): Illuminate\Pipeline\Pipeline->then(Object(Closure))
#37 /Users/kekaiwang/Sites/jc_october/vendor/laravel/framework/src/Illuminate/Routing/Router.php(635): Illuminate\Routing\Router->runRouteWithinStack(Object(Illuminate\Routing\Route), Object(Illuminate\Http\Request))
#38 /Users/kekaiwang/Sites/jc_october/vendor/laravel/framework/src/Illuminate/Routing/Router.php(601): Illuminate\Routing\Router->runRoute(Object(Illuminate\Http\Request), Object(Illuminate\Routing\Route))
#39 /Users/kekaiwang/Sites/jc_october/vendor/october/rain/src/Router/CoreRouter.php(20): Illuminate\Routing\Router->dispatchToRoute(Object(Illuminate\Http\Request))
#40 /Users/kekaiwang/Sites/jc_october/vendor/laravel/framework/src/Illuminate/Foundation/Http/Kernel.php(176): October\Rain\Router\CoreRouter->dispatch(Object(Illuminate\Http\Request))
#41 /Users/kekaiwang/Sites/jc_october/vendor/laravel/framework/src/Illuminate/Routing/Pipeline.php(30): Illuminate\Foundation\Http\Kernel->Illuminate\Foundation\Http\{closure}(Object(Illuminate\Http\Request))
#42 /Users/kekaiwang/Sites/jc_october/vendor/laravel/framework/src/Illuminate/Foundation/Http/Middleware/CheckForMaintenanceMode.php(46): Illuminate\Routing\Pipeline->Illuminate\Routing\{closure}(Object(Illuminate\Http\Request))
#43 /Users/kekaiwang/Sites/jc_october/vendor/october/rain/src/Foundation/Http/Middleware/CheckForMaintenanceMode.php(24): Illuminate\Foundation\Http\Middleware\CheckForMaintenanceMode->handle(Object(Illuminate\Http\Request), Object(Closure))
#44 /Users/kekaiwang/Sites/jc_october/vendor/laravel/framework/src/Illuminate/Pipeline/Pipeline.php(149): October\Rain\Foundation\Http\Middleware\CheckForMaintenanceMode->handle(Object(Illuminate\Http\Request), Object(Closure))
#45 /Users/kekaiwang/Sites/jc_october/vendor/laravel/framework/src/Illuminate/Routing/Pipeline.php(53): Illuminate\Pipeline\Pipeline->Illuminate\Pipeline\{closure}(Object(Illuminate\Http\Request))
#46 /Users/kekaiwang/Sites/jc_october/vendor/laravel/framework/src/Illuminate/Pipeline/Pipeline.php(102): Illuminate\Routing\Pipeline->Illuminate\Routing\{closure}(Object(Illuminate\Http\Request))
#47 /Users/kekaiwang/Sites/jc_october/vendor/laravel/framework/src/Illuminate/Foundation/Http/Kernel.php(151): Illuminate\Pipeline\Pipeline->then(Object(Closure))
#48 /Users/kekaiwang/Sites/jc_october/vendor/laravel/framework/src/Illuminate/Foundation/Http/Kernel.php(116): Illuminate\Foundation\Http\Kernel->sendRequestThroughRouter(Object(Illuminate\Http\Request))
#49 /Users/kekaiwang/Sites/jc_october/index.php(43): Illuminate\Foundation\Http\Kernel->handle(Object(Illuminate\Http\Request))
#50 {main}  
[2019-09-17 02:54:27] development.ERROR: Twig\Error\SyntaxError: Unknown "formatWeekDay" function in "/Users/kekaiwang/Sites/jc_october/themes/demo/pages/economic_calendar_en.htm" at line 223. in /Users/kekaiwang/Sites/jc_october/vendor/twig/twig/src/ExpressionParser.php:746
Stack trace:
#0 /Users/kekaiwang/Sites/jc_october/vendor/twig/twig/src/ExpressionParser.php(451): Twig\ExpressionParser->getFunctionNodeClass('formatWeekDay', 223)
#1 /Users/kekaiwang/Sites/jc_october/vendor/twig/twig/src/ExpressionParser.php(235): Twig\ExpressionParser->getFunctionNode('formatWeekDay', 223)
#2 /Users/kekaiwang/Sites/jc_october/vendor/twig/twig/src/ExpressionParser.php(175): Twig\ExpressionParser->parsePrimaryExpression()
#3 /Users/kekaiwang/Sites/jc_october/vendor/twig/twig/src/ExpressionParser.php(70): Twig\ExpressionParser->getPrimary()
#4 /Users/kekaiwang/Sites/jc_october/vendor/twig/twig/src/Parser.php(142): Twig\ExpressionParser->parseExpression()
#5 /Users/kekaiwang/Sites/jc_october/vendor/twig/twig/src/Parser.php(98): Twig\Parser->subparse(NULL, false)
#6 /Users/kekaiwang/Sites/jc_october/vendor/twig/twig/src/Environment.php(563): Twig\Parser->parse(Object(Twig\TokenStream))
#7 /Users/kekaiwang/Sites/jc_october/vendor/twig/twig/src/Environment.php(595): Twig\Environment->parse(Object(Twig\TokenStream))
#8 /Users/kekaiwang/Sites/jc_october/vendor/twig/twig/src/Environment.php(408): Twig\Environment->compileSource(Object(Twig\Source))
#9 /Users/kekaiwang/Sites/jc_october/vendor/twig/twig/src/Environment.php(381): Twig\Environment->loadClass('__TwigTemplate_...', '/Users/kekaiwan...', NULL)
#10 /Users/kekaiwang/Sites/jc_october/modules/cms/Classes/Controller.php(423): Twig\Environment->loadTemplate('/Users/kekaiwan...')
#11 /Users/kekaiwang/Sites/jc_october/modules/cms/Classes/Controller.php(224): Cms\Classes\Controller->runPage(Object(Cms\Classes\Page))
#12 /Users/kekaiwang/Sites/jc_october/modules/cms/Classes/CmsController.php(50): Cms\Classes\Controller->run('economic_calend...')
#13 [internal function]: Cms\Classes\CmsController->run('economic_calend...')
#14 /Users/kekaiwang/Sites/jc_october/vendor/laravel/framework/src/Illuminate/Routing/Controller.php(54): call_user_func_array(Array, Array)
#15 /Users/kekaiwang/Sites/jc_october/vendor/laravel/framework/src/Illuminate/Routing/ControllerDispatcher.php(45): Illuminate\Routing\Controller->callAction('run', Array)
#16 /Users/kekaiwang/Sites/jc_october/vendor/laravel/framework/src/Illuminate/Routing/Route.php(212): Illuminate\Routing\ControllerDispatcher->dispatch(Object(Illuminate\Routing\Route), Object(Cms\Classes\CmsController), 'run')
#17 /Users/kekaiwang/Sites/jc_october/vendor/laravel/framework/src/Illuminate/Routing/Route.php(169): Illuminate\Routing\Route->runController()
#18 /Users/kekaiwang/Sites/jc_october/vendor/laravel/framework/src/Illuminate/Routing/Router.php(658): Illuminate\Routing\Route->run()
#19 /Users/kekaiwang/Sites/jc_october/vendor/laravel/framework/src/Illuminate/Routing/Pipeline.php(30): Illuminate\Routing\Router->Illuminate\Routing\{closure}(Object(Illuminate\Http\Request))
#20 /Users/kekaiwang/Sites/jc_october/vendor/laravel/framework/src/Illuminate/Routing/Middleware/SubstituteBindings.php(41): Illuminate\Routing\Pipeline->Illuminate\Routing\{closure}(Object(Illuminate\Http\Request))
#21 /Users/kekaiwang/Sites/jc_october/vendor/laravel/framework/src/Illuminate/Pipeline/Pipeline.php(149): Illuminate\Routing\Middleware\SubstituteBindings->handle(Object(Illuminate\Http\Request), Object(Closure))
#22 /Users/kekaiwang/Sites/jc_october/vendor/laravel/framework/src/Illuminate/Routing/Pipeline.php(53): Illuminate\Pipeline\Pipeline->Illuminate\Pipeline\{closure}(Object(Illuminate\Http\Request))
#23 /Users/kekaiwang/Sites/jc_october/vendor/laravel/framework/src/Illuminate/View/Middleware/ShareErrorsFromSession.php(49): Illuminate\Routing\Pipeline->Illuminate\Routing\{closure}(Object(Illuminate\Http\Request))
#24 /Users/kekaiwang/Sites/jc_october/vendor/laravel/framework/src/Illuminate/Pipeline/Pipeline.php(149): Illuminate\View\Middleware\ShareErrorsFromSession->handle(Object(Illuminate\Http\Request), Object(Closure))
#25 /Users/kekaiwang/Sites/jc_october/vendor/laravel/framework/src/Illuminate/Routing/Pipeline.php(53): Illuminate\Pipeline\Pipeline->Illuminate\Pipeline\{closure}(Object(Illuminate\Http\Request))
#26 /Users/kekaiwang/Sites/jc_october/vendor/laravel/framework/src/Illuminate/Session/Middleware/StartSession.php(63): Illuminate\Routing\Pipeline->Illuminate\Routing\{closure}(Object(Illuminate\Http\Request))
#27 /Users/kekaiwang/Sites/jc_october/vendor/laravel/framework/src/Illuminate/Pipeline/Pipeline.php(149): Illuminate\Session\Middleware\StartSession->handle(Object(Illuminate\Http\Request), Object(Closure))
#28 /Users/kekaiwang/Sites/jc_october/vendor/laravel/framework/src/Illuminate/Routing/Pipeline.php(53): Illuminate\Pipeline\Pipeline->Illuminate\Pipeline\{closure}(Object(Illuminate\Http\Request))
#29 /Users/kekaiwang/Sites/jc_october/vendor/laravel/framework/src/Illuminate/Cookie/Middleware/AddQueuedCookiesToResponse.php(37): Illuminate\Routing\Pipeline->Illuminate\Routing\{closure}(Object(Illuminate\Http\Request))
#30 /Users/kekaiwang/Sites/jc_october/vendor/laravel/framework/src/Illuminate/Pipeline/Pipeline.php(149): Illuminate\Cookie\Middleware\AddQueuedCookiesToResponse->handle(Object(Illuminate\Http\Request), Object(Closure))
#31 /Users/kekaiwang/Sites/jc_october/vendor/laravel/framework/src/Illuminate/Routing/Pipeline.php(53): Illuminate\Pipeline\Pipeline->Illuminate\Pipeline\{closure}(Object(Illuminate\Http\Request))
#32 /Users/kekaiwang/Sites/jc_october/vendor/laravel/framework/src/Illuminate/Cookie/Middleware/EncryptCookies.php(66): Illuminate\Routing\Pipeline->Illuminate\Routing\{closure}(Object(Illuminate\Http\Request))
#33 /Users/kekaiwang/Sites/jc_october/vendor/laravel/framework/src/Illuminate/Pipeline/Pipeline.php(149): Illuminate\Cookie\Middleware\EncryptCookies->handle(Object(Illuminate\Http\Request), Object(Closure))
#34 /Users/kekaiwang/Sites/jc_october/vendor/laravel/framework/src/Illuminate/Routing/Pipeline.php(53): Illuminate\Pipeline\Pipeline->Illuminate\Pipeline\{closure}(Object(Illuminate\Http\Request))
#35 /Users/kekaiwang/Sites/jc_october/vendor/laravel/framework/src/Illuminate/Pipeline/Pipeline.php(102): Illuminate\Routing\Pipeline->Illuminate\Routing\{closure}(Object(Illuminate\Http\Request))
#36 /Users/kekaiwang/Sites/jc_october/vendor/laravel/framework/src/Illuminate/Routing/Router.php(660): Illuminate\Pipeline\Pipeline->then(Object(Closure))
#37 /Users/kekaiwang/Sites/jc_october/vendor/laravel/framework/src/Illuminate/Routing/Router.php(635): Illuminate\Routing\Router->runRouteWithinStack(Object(Illuminate\Routing\Route), Object(Illuminate\Http\Request))
#38 /Users/kekaiwang/Sites/jc_october/vendor/laravel/framework/src/Illuminate/Routing/Router.php(601): Illuminate\Routing\Router->runRoute(Object(Illuminate\Http\Request), Object(Illuminate\Routing\Route))
#39 /Users/kekaiwang/Sites/jc_october/vendor/october/rain/src/Router/CoreRouter.php(20): Illuminate\Routing\Router->dispatchToRoute(Object(Illuminate\Http\Request))
#40 /Users/kekaiwang/Sites/jc_october/vendor/laravel/framework/src/Illuminate/Foundation/Http/Kernel.php(176): October\Rain\Router\CoreRouter->dispatch(Object(Illuminate\Http\Request))
#41 /Users/kekaiwang/Sites/jc_october/vendor/laravel/framework/src/Illuminate/Routing/Pipeline.php(30): Illuminate\Foundation\Http\Kernel->Illuminate\Foundation\Http\{closure}(Object(Illuminate\Http\Request))
#42 /Users/kekaiwang/Sites/jc_october/vendor/laravel/framework/src/Illuminate/Foundation/Http/Middleware/CheckForMaintenanceMode.php(46): Illuminate\Routing\Pipeline->Illuminate\Routing\{closure}(Object(Illuminate\Http\Request))
#43 /Users/kekaiwang/Sites/jc_october/vendor/october/rain/src/Foundation/Http/Middleware/CheckForMaintenanceMode.php(24): Illuminate\Foundation\Http\Middleware\CheckForMaintenanceMode->handle(Object(Illuminate\Http\Request), Object(Closure))
#44 /Users/kekaiwang/Sites/jc_october/vendor/laravel/framework/src/Illuminate/Pipeline/Pipeline.php(149): October\Rain\Foundation\Http\Middleware\CheckForMaintenanceMode->handle(Object(Illuminate\Http\Request), Object(Closure))
#45 /Users/kekaiwang/Sites/jc_october/vendor/laravel/framework/src/Illuminate/Routing/Pipeline.php(53): Illuminate\Pipeline\Pipeline->Illuminate\Pipeline\{closure}(Object(Illuminate\Http\Request))
#46 /Users/kekaiwang/Sites/jc_october/vendor/laravel/framework/src/Illuminate/Pipeline/Pipeline.php(102): Illuminate\Routing\Pipeline->Illuminate\Routing\{closure}(Object(Illuminate\Http\Request))
#47 /Users/kekaiwang/Sites/jc_october/vendor/laravel/framework/src/Illuminate/Foundation/Http/Kernel.php(151): Illuminate\Pipeline\Pipeline->then(Object(Closure))
#48 /Users/kekaiwang/Sites/jc_october/vendor/laravel/framework/src/Illuminate/Foundation/Http/Kernel.php(116): Illuminate\Foundation\Http\Kernel->sendRequestThroughRouter(Object(Illuminate\Http\Request))
#49 /Users/kekaiwang/Sites/jc_october/index.php(43): Illuminate\Foundation\Http\Kernel->handle(Object(Illuminate\Http\Request))
#50 {main}  
[2019-09-17 09:29:35] development.ERROR: ErrorException: file_put_contents(D:\Object\jc_october\storage\framework/sessions/AN2qTebdaikGJuSp9Kr4TJt944f1jy35BGCr1piB): failed to open stream: No such file or directory in D:\Object\jc_october\vendor\laravel\framework\src\Illuminate\Filesystem\Filesystem.php:122
Stack trace:
#0 [internal function]: Illuminate\Foundation\Bootstrap\HandleExceptions->handleError(2, 'file_put_conten...', 'D:\\Object\\jc_oc...', 122, Array)
#1 D:\Object\jc_october\vendor\laravel\framework\src\Illuminate\Filesystem\Filesystem.php(122): file_put_contents('D:\\Object\\jc_oc...', 'a:3:{s:6:"_toke...', 2)
#2 D:\Object\jc_october\vendor\october\rain\src\Filesystem\Filesystem.php(217): Illuminate\Filesystem\Filesystem->put('D:\\Object\\jc_oc...', 'a:3:{s:6:"_toke...', true)
#3 D:\Object\jc_october\vendor\laravel\framework\src\Illuminate\Session\FileSessionHandler.php(83): October\Rain\Filesystem\Filesystem->put('D:\\Object\\jc_oc...', 'a:3:{s:6:"_toke...', true)
#4 D:\Object\jc_october\vendor\laravel\framework\src\Illuminate\Session\Store.php(128): Illuminate\Session\FileSessionHandler->write('AN2qTebdaikGJuS...', 'a:3:{s:6:"_toke...')
#5 D:\Object\jc_october\vendor\laravel\framework\src\Illuminate\Session\Middleware\StartSession.php(87): Illuminate\Session\Store->save()
#6 D:\Object\jc_october\vendor\laravel\framework\src\Illuminate\Foundation\Http\Kernel.php(218): Illuminate\Session\Middleware\StartSession->terminate(Object(Illuminate\Http\Request), Object(Illuminate\Http\Response))
#7 D:\Object\jc_october\vendor\laravel\framework\src\Illuminate\Foundation\Http\Kernel.php(189): Illuminate\Foundation\Http\Kernel->terminateMiddleware(Object(Illuminate\Http\Request), Object(Illuminate\Http\Response))
#8 D:\Object\jc_october\index.php(48): Illuminate\Foundation\Http\Kernel->terminate(Object(Illuminate\Http\Request), Object(Illuminate\Http\Response))
#9 {main}  
[2019-09-17 09:29:55] development.ERROR: ErrorException: file_put_contents(D:\Object\jc_october\storage\framework/sessions/AN2qTebdaikGJuSp9Kr4TJt944f1jy35BGCr1piB): failed to open stream: No such file or directory in D:\Object\jc_october\vendor\laravel\framework\src\Illuminate\Filesystem\Filesystem.php:122
Stack trace:
#0 [internal function]: Illuminate\Foundation\Bootstrap\HandleExceptions->handleError(2, 'file_put_conten...', 'D:\\Object\\jc_oc...', 122, Array)
#1 D:\Object\jc_october\vendor\laravel\framework\src\Illuminate\Filesystem\Filesystem.php(122): file_put_contents('D:\\Object\\jc_oc...', 'a:3:{s:6:"_toke...', 2)
#2 D:\Object\jc_october\vendor\october\rain\src\Filesystem\Filesystem.php(217): Illuminate\Filesystem\Filesystem->put('D:\\Object\\jc_oc...', 'a:3:{s:6:"_toke...', true)
#3 D:\Object\jc_october\vendor\laravel\framework\src\Illuminate\Session\FileSessionHandler.php(83): October\Rain\Filesystem\Filesystem->put('D:\\Object\\jc_oc...', 'a:3:{s:6:"_toke...', true)
#4 D:\Object\jc_october\vendor\laravel\framework\src\Illuminate\Session\Store.php(128): Illuminate\Session\FileSessionHandler->write('AN2qTebdaikGJuS...', 'a:3:{s:6:"_toke...')
#5 D:\Object\jc_october\vendor\laravel\framework\src\Illuminate\Session\Middleware\StartSession.php(87): Illuminate\Session\Store->save()
#6 D:\Object\jc_october\vendor\laravel\framework\src\Illuminate\Foundation\Http\Kernel.php(218): Illuminate\Session\Middleware\StartSession->terminate(Object(Illuminate\Http\Request), Object(Illuminate\Http\Response))
#7 D:\Object\jc_october\vendor\laravel\framework\src\Illuminate\Foundation\Http\Kernel.php(189): Illuminate\Foundation\Http\Kernel->terminateMiddleware(Object(Illuminate\Http\Request), Object(Illuminate\Http\Response))
#8 D:\Object\jc_october\index.php(48): Illuminate\Foundation\Http\Kernel->terminate(Object(Illuminate\Http\Request), Object(Illuminate\Http\Response))
#9 {main}  
[2019-09-17 09:30:09] development.ERROR: ErrorException: file_put_contents(D:\Object\jc_october\storage\framework/sessions/AN2qTebdaikGJuSp9Kr4TJt944f1jy35BGCr1piB): failed to open stream: No such file or directory in D:\Object\jc_october\vendor\laravel\framework\src\Illuminate\Filesystem\Filesystem.php:122
Stack trace:
#0 [internal function]: Illuminate\Foundation\Bootstrap\HandleExceptions->handleError(2, 'file_put_conten...', 'D:\\Object\\jc_oc...', 122, Array)
#1 D:\Object\jc_october\vendor\laravel\framework\src\Illuminate\Filesystem\Filesystem.php(122): file_put_contents('D:\\Object\\jc_oc...', 'a:3:{s:6:"_toke...', 2)
#2 D:\Object\jc_october\vendor\october\rain\src\Filesystem\Filesystem.php(217): Illuminate\Filesystem\Filesystem->put('D:\\Object\\jc_oc...', 'a:3:{s:6:"_toke...', true)
#3 D:\Object\jc_october\vendor\laravel\framework\src\Illuminate\Session\FileSessionHandler.php(83): October\Rain\Filesystem\Filesystem->put('D:\\Object\\jc_oc...', 'a:3:{s:6:"_toke...', true)
#4 D:\Object\jc_october\vendor\laravel\framework\src\Illuminate\Session\Store.php(128): Illuminate\Session\FileSessionHandler->write('AN2qTebdaikGJuS...', 'a:3:{s:6:"_toke...')
#5 D:\Object\jc_october\vendor\laravel\framework\src\Illuminate\Session\Middleware\StartSession.php(87): Illuminate\Session\Store->save()
#6 D:\Object\jc_october\vendor\laravel\framework\src\Illuminate\Foundation\Http\Kernel.php(218): Illuminate\Session\Middleware\StartSession->terminate(Object(Illuminate\Http\Request), Object(Illuminate\Http\Response))
#7 D:\Object\jc_october\vendor\laravel\framework\src\Illuminate\Foundation\Http\Kernel.php(189): Illuminate\Foundation\Http\Kernel->terminateMiddleware(Object(Illuminate\Http\Request), Object(Illuminate\Http\Response))
#8 D:\Object\jc_october\index.php(48): Illuminate\Foundation\Http\Kernel->terminate(Object(Illuminate\Http\Request), Object(Illuminate\Http\Response))
#9 {main}  
[2019-09-17 09:30:15] development.ERROR: ErrorException: file_put_contents(D:\Object\jc_october\storage\framework/sessions/AN2qTebdaikGJuSp9Kr4TJt944f1jy35BGCr1piB): failed to open stream: No such file or directory in D:\Object\jc_october\vendor\laravel\framework\src\Illuminate\Filesystem\Filesystem.php:122
Stack trace:
#0 [internal function]: Illuminate\Foundation\Bootstrap\HandleExceptions->handleError(2, 'file_put_conten...', 'D:\\Object\\jc_oc...', 122, Array)
#1 D:\Object\jc_october\vendor\laravel\framework\src\Illuminate\Filesystem\Filesystem.php(122): file_put_contents('D:\\Object\\jc_oc...', 'a:3:{s:6:"_toke...', 2)
#2 D:\Object\jc_october\vendor\october\rain\src\Filesystem\Filesystem.php(217): Illuminate\Filesystem\Filesystem->put('D:\\Object\\jc_oc...', 'a:3:{s:6:"_toke...', true)
#3 D:\Object\jc_october\vendor\laravel\framework\src\Illuminate\Session\FileSessionHandler.php(83): October\Rain\Filesystem\Filesystem->put('D:\\Object\\jc_oc...', 'a:3:{s:6:"_toke...', true)
#4 D:\Object\jc_october\vendor\laravel\framework\src\Illuminate\Session\Store.php(128): Illuminate\Session\FileSessionHandler->write('AN2qTebdaikGJuS...', 'a:3:{s:6:"_toke...')
#5 D:\Object\jc_october\vendor\laravel\framework\src\Illuminate\Session\Middleware\StartSession.php(87): Illuminate\Session\Store->save()
#6 D:\Object\jc_october\vendor\laravel\framework\src\Illuminate\Foundation\Http\Kernel.php(218): Illuminate\Session\Middleware\StartSession->terminate(Object(Illuminate\Http\Request), Object(Illuminate\Http\Response))
#7 D:\Object\jc_october\vendor\laravel\framework\src\Illuminate\Foundation\Http\Kernel.php(189): Illuminate\Foundation\Http\Kernel->terminateMiddleware(Object(Illuminate\Http\Request), Object(Illuminate\Http\Response))
#8 D:\Object\jc_october\index.php(48): Illuminate\Foundation\Http\Kernel->terminate(Object(Illuminate\Http\Request), Object(Illuminate\Http\Response))
#9 {main}  
[2019-09-17 09:32:38] development.ERROR: ErrorException: file_put_contents(D:\Object\jc_october\storage\framework/sessions/AN2qTebdaikGJuSp9Kr4TJt944f1jy35BGCr1piB): failed to open stream: No such file or directory in D:\Object\jc_october\vendor\laravel\framework\src\Illuminate\Filesystem\Filesystem.php:122
Stack trace:
#0 [internal function]: Illuminate\Foundation\Bootstrap\HandleExceptions->handleError(2, 'file_put_conten...', 'D:\\Object\\jc_oc...', 122, Array)
#1 D:\Object\jc_october\vendor\laravel\framework\src\Illuminate\Filesystem\Filesystem.php(122): file_put_contents('D:\\Object\\jc_oc...', 'a:3:{s:6:"_toke...', 2)
#2 D:\Object\jc_october\vendor\october\rain\src\Filesystem\Filesystem.php(217): Illuminate\Filesystem\Filesystem->put('D:\\Object\\jc_oc...', 'a:3:{s:6:"_toke...', true)
#3 D:\Object\jc_october\vendor\laravel\framework\src\Illuminate\Session\FileSessionHandler.php(83): October\Rain\Filesystem\Filesystem->put('D:\\Object\\jc_oc...', 'a:3:{s:6:"_toke...', true)
#4 D:\Object\jc_october\vendor\laravel\framework\src\Illuminate\Session\Store.php(128): Illuminate\Session\FileSessionHandler->write('AN2qTebdaikGJuS...', 'a:3:{s:6:"_toke...')
#5 D:\Object\jc_october\vendor\laravel\framework\src\Illuminate\Session\Middleware\StartSession.php(87): Illuminate\Session\Store->save()
#6 D:\Object\jc_october\vendor\laravel\framework\src\Illuminate\Foundation\Http\Kernel.php(218): Illuminate\Session\Middleware\StartSession->terminate(Object(Illuminate\Http\Request), Object(Illuminate\Http\Response))
#7 D:\Object\jc_october\vendor\laravel\framework\src\Illuminate\Foundation\Http\Kernel.php(189): Illuminate\Foundation\Http\Kernel->terminateMiddleware(Object(Illuminate\Http\Request), Object(Illuminate\Http\Response))
#8 D:\Object\jc_october\index.php(48): Illuminate\Foundation\Http\Kernel->terminate(Object(Illuminate\Http\Request), Object(Illuminate\Http\Response))
#9 {main}  
